$ vite build
vite v5.4.21 building for production...
transforming...
✓ 1 modules transformed.
rendering chunks...
computing gzip size...
dist/assets/no-renderer-DoO8kPjk.js  0.06 kB │ gzip: 0.08 kB
✓ built in 56ms
vite v5.4.21 building for production...
transforming...
✓ 1 modules transformed.
rendering chunks...
computing gzip size...
dist-electron/main.js  1.56 kB │ gzip: 0.76 kB
✓ built in 44ms
vite v5.4.21 building for production...
transforming...
✓ 1 modules transformed.
rendering chunks...
computing gzip size...
dist-electron/preload.mjs  0.66 kB │ gzip: 0.30 kB
✓ built in 15ms
